<?xml version="1.0" encoding="UTF-8"?>
<!-- Generated by org.testng.reporters.JUnitXMLReporter -->
<testsuite hostname="KatlaSelenium" ignored="0" name="Surefire test" tests="4" failures="0" timestamp="29 Jun 2017 14:27:48 GMT" time="11.696" errors="0">
  <testcase name="creditReportTest" time="4.913" classname="tests.CreditReportTest"/>
  <testcase name="userLogoutTest" time="1.467" classname="tests.CreditReportTest"/>
  <testcase name="loginPageTest" time="1.255" classname="tests.LoginPageTests"/>
  <testcase name="userLoginTest" time="1.68" classname="tests.LoginPageTests"/>
</testsuite> <!-- Surefire test -->
