<?xml version="1.0" encoding="UTF-8"?>
<!-- Generated by org.testng.reporters.JUnitXMLReporter -->
<testsuite hostname="KatlaSelenium" ignored="0" name="Surefire test" tests="4" failures="0" timestamp="29 Jun 2017 12:30:13 GMT" time="16.834" errors="0">
  <testcase name="creditReportTest" time="7.547" classname="tests.CreditReportTest"/>
  <testcase name="userLogoutTest" time="1.968" classname="tests.CreditReportTest"/>
  <testcase name="loginPageTest" time="1.528" classname="tests.LoginPageTests"/>
  <testcase name="userLoginTest" time="2.573" classname="tests.LoginPageTests"/>
</testsuite> <!-- Surefire test -->
