<?xml version="1.0" encoding="UTF-8"?>
<!-- Generated by org.testng.reporters.JUnitXMLReporter -->
<testsuite hostname="KatlaSelenium" ignored="0" name="Test" tests="4" failures="0" timestamp="28 Jun 2017 20:04:46 GMT" time="12.998" errors="0">
  <testcase name="creditReportTest" time="6.006" classname="tests.CreditReportTest"/>
  <testcase name="userLogoutTest" time="1.658" classname="tests.CreditReportTest"/>
  <testcase name="loginPageTest" time="1.18" classname="tests.LoginPageTests"/>
  <testcase name="userLoginTest" time="1.813" classname="tests.LoginPageTests"/>
</testsuite> <!-- Test -->
