<?xml version="1.0" encoding="UTF-8"?>
<testng-results skipped="0" failed="0" ignored="0" total="2" passed="2">
  <reporter-output>
  </reporter-output>
  <suite name="Default suite" duration-ms="5189" started-at="2017-06-29T12:15:22Z" finished-at="2017-06-29T12:15:27Z">
    <groups>
    </groups>
    <test name="Default test" duration-ms="5189" started-at="2017-06-29T12:15:22Z" finished-at="2017-06-29T12:15:27Z">
      <class name="tests.LoginPageTests">
        <test-method status="PASS" signature="loginPageTest()[pri:3, instance:tests.LoginPageTests@79e4c792]" name="loginPageTest" duration-ms="1422" started-at="2017-06-29T13:15:22Z" finished-at="2017-06-29T13:15:24Z">
          <reporter-output>
          </reporter-output>
        </test-method> <!-- loginPageTest -->
        <test-method status="PASS" signature="userLoginTest()[pri:4, instance:tests.LoginPageTests@79e4c792]" name="userLoginTest" duration-ms="2499" started-at="2017-06-29T13:15:24Z" finished-at="2017-06-29T13:15:26Z">
          <reporter-output>
          </reporter-output>
        </test-method> <!-- userLoginTest -->
        <test-method status="PASS" signature="tearDown()[pri:0, instance:tests.LoginPageTests@79e4c792]" name="tearDown" is-config="true" duration-ms="1225" started-at="2017-06-29T13:15:26Z" finished-at="2017-06-29T13:15:27Z">
          <reporter-output>
          </reporter-output>
        </test-method> <!-- tearDown -->
      </class> <!-- tests.LoginPageTests -->
    </test> <!-- Default test -->
  </suite> <!-- Default suite -->
</testng-results>
